  compilation code save succeeded; see D:\project2_2\Shader\DebugPS.cod
  compilation object save succeeded; see D:\project2_2\Shader\DebugPS.cso
  compilation code save succeeded; see D:\project2_2\Shader\DebugVS.cod
  compilation object save succeeded; see D:\project2_2\Shader\DebugVS.cso
  compilation code save succeeded; see D:\project2_2\Shader\ImGuiPS.cod
  compilation object save succeeded; see D:\project2_2\Shader\ImGuiPS.cso
  compilation code save succeeded; see D:\project2_2\Shader\ImGuiVS.cod
  compilation object save succeeded; see D:\project2_2\Shader\ImGuiVS.cso
  compilation code save succeeded; see D:\project2_2\Shader\LambertPS.cod
  compilation object save succeeded; see D:\project2_2\Shader\LambertPS.cso
  compilation code save succeeded; see D:\project2_2\Shader\LambertVS.cod
  compilation object save succeeded; see D:\project2_2\Shader\LambertVS.cso
  compilation code save succeeded; see D:\project2_2\Shader\LinePS.cod
  compilation object save succeeded; see D:\project2_2\Shader\LinePS.cso
  compilation code save succeeded; see D:\project2_2\Shader\LineVS.cod
  compilation object save succeeded; see D:\project2_2\Shader\LineVS.cso
  compilation code save succeeded; see D:\project2_2\Shader\SpritePS.cod
  compilation object save succeeded; see D:\project2_2\Shader\SpritePS.cso
  compilation code save succeeded; see D:\project2_2\Shader\SpriteVS.cod
  compilation object save succeeded; see D:\project2_2\Shader\SpriteVS.cso
  WICTextureLoader.cpp
  imgui.cpp
  imgui_demo.cpp
  imgui_draw.cpp
  imgui_widgets.cpp
  Mathf.cpp
  Audio.cpp
  AudioResource.cpp
  AudioSource.cpp
  Camera.cpp
  CameraController.cpp
  Character.cpp
  Collision.cpp
  Effect.cpp
  EffectManager.cpp
D:\project2_2\Source\Character.cpp(75,18): warning C4244: '初期化中': 'double' から 'float' への変換です。データが失われる可能性があります。
D:\project2_2\Source\Character.cpp(82,13): warning C4244: '=': 'double' から 'float' への変換です。データが失われる可能性があります。
D:\project2_2\Source\Character.cpp(83,13): warning C4244: '=': 'double' から 'float' への変換です。データが失われる可能性があります。
D:\project2_2\Source\Character.cpp(94,15): warning C4244: '初期化中': 'double' から 'float' への変換です。データが失われる可能性があります。
  Enemy.cpp
  EnemyManager.cpp
  EnemySlime.cpp
  Framework.cpp
  DebugRenderer.cpp
  Graphics.cpp
  ImGuiRenderer.cpp
  LambertShader.cpp
  LineRenderer.cpp
  Model.cpp
  ModelResource.cpp
  Sprite.cpp
  GamePad.cpp
  Input.cpp
  Mouse.cpp
  Logger.cpp
  Main.cpp
  Player.cpp
  Projectile.cpp
  ProjectileHoming.cpp
  ProjectileManager.cpp
  ProjectileStraight.cpp
  SceneGame.cpp
  SceneLoading.cpp
  SceneManager.cpp
  SceneTitle.cpp
  Stage.cpp
D:\project2_2\Source\ProjectileHoming.cpp(64,23): warning C4244: '初期化中': 'double' から 'float' への変換です。データが失われる可能性があります。
D:\project2_2\Source\Player.cpp(230,41): warning C4305: '引数': 'double' から 'float' へ切り詰めます。
D:\project2_2\Source\Player.cpp(449,49): warning C4305: '引数': 'double' から 'float' へ切り詰めます。
D:\project2_2\Source\Player.cpp(482,47): warning C4305: '引数': 'double' から 'float' へ切り詰めます。
D:\project2_2\Source\Player.cpp(492,56): warning C4305: '引数': 'double' から 'float' へ切り詰めます。
D:\project2_2\Source\Player.cpp(496,53): warning C4305: '引数': 'double' から 'float' へ切り詰めます。
D:\project2_2\Source\Player.cpp(508,50): warning C4305: '引数': 'double' から 'float' へ切り詰めます。
D:\project2_2\Source\Player.cpp(527,49): warning C4305: '引数': 'double' から 'float' へ切り詰めます。
     ライブラリ bin\x64\Debug\GameProgramming.lib とオブジェクト bin\x64\Debug\GameProgramming.exp を作成中
  GameProgramming.vcxproj -> D:\project2_2\bin\x64\Debug\GameProgramming.exe
